[debug] [2025-07-31T05:33:32.013Z] ----------------------------------------------------------------------
[debug] [2025-07-31T05:33:32.017Z] Command:       /usr/local/bin/node /usr/local/bin/firebase apphosting:backends:create
[debug] [2025-07-31T05:33:32.017Z] CLI Version:   14.6.0
[debug] [2025-07-31T05:33:32.017Z] Platform:      darwin
[debug] [2025-07-31T05:33:32.018Z] Node Version:  v22.14.0
[debug] [2025-07-31T05:33:32.018Z] Time:          Thu Jul 31 2025 14:33:32 GMT+0900 (Japan Standard Time)
[debug] [2025-07-31T05:33:32.018Z] ----------------------------------------------------------------------
[debug] 
[debug] [2025-07-31T05:33:32.193Z] > command requires scopes: ["email","openid","https://www.googleapis.com/auth/cloudplatformprojects.readonly","https://www.googleapis.com/auth/firebase","https://www.googleapis.com/auth/cloud-platform"]
[debug] [2025-07-31T05:33:32.194Z] > authorizing via signed-in user (buithu.ktmt05@gmail.com)
[debug] [2025-07-31T05:33:32.195Z] Checked if tokens are valid: true, expires at: 1753943065326
[debug] [2025-07-31T05:33:32.195Z] Checked if tokens are valid: true, expires at: 1753943065326
[debug] [2025-07-31T05:33:32.196Z] >>> [apiv2][query] GET https://serviceusage.googleapis.com/v1/projects/daihoiconggiaojp-prod/services/firebaseapphosting.googleapis.com [none]
[debug] [2025-07-31T05:33:32.196Z] >>> [apiv2][(partial)header] GET https://serviceusage.googleapis.com/v1/projects/daihoiconggiaojp-prod/services/firebaseapphosting.googleapis.com x-goog-quota-user=projects/daihoiconggiaojp-prod
[debug] [2025-07-31T05:33:33.672Z] <<< [apiv2][status] GET https://serviceusage.googleapis.com/v1/projects/daihoiconggiaojp-prod/services/firebaseapphosting.googleapis.com 200
[debug] [2025-07-31T05:33:33.672Z] <<< [apiv2][body] GET https://serviceusage.googleapis.com/v1/projects/daihoiconggiaojp-prod/services/firebaseapphosting.googleapis.com [omitted]
[debug] [2025-07-31T05:33:33.673Z] Checked if tokens are valid: true, expires at: 1753943065326
[debug] [2025-07-31T05:33:33.673Z] Checked if tokens are valid: true, expires at: 1753943065326
[debug] [2025-07-31T05:33:33.673Z] >>> [apiv2][query] GET https://mobilesdk-pa.googleapis.com/v1/accessmanagement/tos:getStatus [none]
[debug] [2025-07-31T05:33:34.194Z] <<< [apiv2][status] GET https://mobilesdk-pa.googleapis.com/v1/accessmanagement/tos:getStatus 200
[debug] [2025-07-31T05:33:34.194Z] <<< [apiv2][body] GET https://mobilesdk-pa.googleapis.com/v1/accessmanagement/tos:getStatus {"overallStatus":"ACCEPTED","uTosStatus":{"tos":{"id":"firebase","tosId":"FIREBASE_UNIVERSAL"},"status":"ACCEPTED","acceptedVersion":7},"childTosStatus":[{"tos":{"id":"cloud","tosId":"CLOUD_PLATFORM"},"status":"ACCEPTED","acceptedVersion":38},{"tos":{"id":"firebase_b2b","tosId":"FIREBASE_B2B"},"status":"ACCEPTED","acceptedVersion":1},{"tos":{"id":"universal","tosId":"GOOGLE_APIS"},"status":"ACCEPTED","acceptedVersion":6}],"termsUrl":"https://firebase.google.com/terms","perServiceStatus":[{"tosId":"APP_CHECK","serviceStatus":{"tos":{"id":"app_check","tosId":"APP_CHECK"},"status":"ACCEPTED","acceptedVersion":3}},{"tosId":"APP_HOSTING_TOS","serviceStatus":{"tos":{"id":"app_hosting","tosId":"APP_HOSTING_TOS"},"status":"ACCEPTED","acceptedVersion":3}},{"tosId":"FIREBASE_DATA_CONNECT","serviceStatus":{"tos":{"id":"data_connect","tosId":"FIREBASE_DATA_CONNECT"},"status":"ACCEPTED","acceptedVersion":3}},{"tosId":"CORE_APPS","serviceStatus":{"tos":{"id":"core_apps","tosId":"CORE_APPS"},"status":"ACCEPTED","acceptedVersion":1}},{"tosId":"VERTEX_AI_IN_FIREBASE","serviceStatus":{"tos":{"id":"vertex_ai_in_firebase","tosId":"VERTEX_AI_IN_FIREBASE"},"status":"ACCEPTED","acceptedVersion":2}},{"tosId":"FIREBASE_CRASHLYTICS_APP_DISTRIBUTION","serviceStatus":{"tos":{"id":"firebase_crashlytics_app_distribution","tosId":"FIREBASE_CRASHLYTICS_APP_DISTRIBUTION"},"status":"ACCEPTED","acceptedVersion":4}},{"tosId":"GENERATIVE_LANGUAGE","serviceStatus":{"tos":{"id":"generative-language-api","tosId":"GENERATIVE_LANGUAGE"},"status":"ACCEPTED","acceptedVersion":3}}]}
[debug] [2025-07-31T05:33:34.195Z] Checked if tokens are valid: true, expires at: 1753943065326
[debug] [2025-07-31T05:33:34.195Z] Checked if tokens are valid: true, expires at: 1753943065326
[debug] [2025-07-31T05:33:34.195Z] Checked if tokens are valid: true, expires at: 1753943065326
[debug] [2025-07-31T05:33:34.195Z] Checked if tokens are valid: true, expires at: 1753943065326
[debug] [2025-07-31T05:33:34.195Z] Checked if tokens are valid: true, expires at: 1753943065326
[debug] [2025-07-31T05:33:34.195Z] Checked if tokens are valid: true, expires at: 1753943065326
[debug] [2025-07-31T05:33:34.195Z] Checked if tokens are valid: true, expires at: 1753943065326
[debug] [2025-07-31T05:33:34.195Z] Checked if tokens are valid: true, expires at: 1753943065326
[debug] [2025-07-31T05:33:34.196Z] Checked if tokens are valid: true, expires at: 1753943065326
[debug] [2025-07-31T05:33:34.196Z] Checked if tokens are valid: true, expires at: 1753943065326
[debug] [2025-07-31T05:33:34.196Z] Checked if tokens are valid: true, expires at: 1753943065326
[debug] [2025-07-31T05:33:34.196Z] Checked if tokens are valid: true, expires at: 1753943065326
[debug] [2025-07-31T05:33:34.196Z] >>> [apiv2][query] GET https://serviceusage.googleapis.com/v1/projects/daihoiconggiaojp-prod/services/developerconnect.googleapis.com [none]
[debug] [2025-07-31T05:33:34.196Z] >>> [apiv2][(partial)header] GET https://serviceusage.googleapis.com/v1/projects/daihoiconggiaojp-prod/services/developerconnect.googleapis.com x-goog-quota-user=projects/daihoiconggiaojp-prod
[debug] [2025-07-31T05:33:34.196Z] >>> [apiv2][query] GET https://serviceusage.googleapis.com/v1/projects/daihoiconggiaojp-prod/services/cloudbuild.googleapis.com [none]
[debug] [2025-07-31T05:33:34.196Z] >>> [apiv2][(partial)header] GET https://serviceusage.googleapis.com/v1/projects/daihoiconggiaojp-prod/services/cloudbuild.googleapis.com x-goog-quota-user=projects/daihoiconggiaojp-prod
[debug] [2025-07-31T05:33:34.197Z] >>> [apiv2][query] GET https://serviceusage.googleapis.com/v1/projects/daihoiconggiaojp-prod/services/secretmanager.googleapis.com [none]
[debug] [2025-07-31T05:33:34.197Z] >>> [apiv2][(partial)header] GET https://serviceusage.googleapis.com/v1/projects/daihoiconggiaojp-prod/services/secretmanager.googleapis.com x-goog-quota-user=projects/daihoiconggiaojp-prod
[debug] [2025-07-31T05:33:34.198Z] >>> [apiv2][query] GET https://serviceusage.googleapis.com/v1/projects/daihoiconggiaojp-prod/services/run.googleapis.com [none]
[debug] [2025-07-31T05:33:34.198Z] >>> [apiv2][(partial)header] GET https://serviceusage.googleapis.com/v1/projects/daihoiconggiaojp-prod/services/run.googleapis.com x-goog-quota-user=projects/daihoiconggiaojp-prod
[debug] [2025-07-31T05:33:34.199Z] >>> [apiv2][query] GET https://serviceusage.googleapis.com/v1/projects/daihoiconggiaojp-prod/services/artifactregistry.googleapis.com [none]
[debug] [2025-07-31T05:33:34.199Z] >>> [apiv2][(partial)header] GET https://serviceusage.googleapis.com/v1/projects/daihoiconggiaojp-prod/services/artifactregistry.googleapis.com x-goog-quota-user=projects/daihoiconggiaojp-prod
[debug] [2025-07-31T05:33:34.200Z] >>> [apiv2][query] GET https://serviceusage.googleapis.com/v1/projects/daihoiconggiaojp-prod/services/iam.googleapis.com [none]
[debug] [2025-07-31T05:33:34.200Z] >>> [apiv2][(partial)header] GET https://serviceusage.googleapis.com/v1/projects/daihoiconggiaojp-prod/services/iam.googleapis.com x-goog-quota-user=projects/daihoiconggiaojp-prod
[debug] [2025-07-31T05:33:34.530Z] <<< [apiv2][status] GET https://serviceusage.googleapis.com/v1/projects/daihoiconggiaojp-prod/services/developerconnect.googleapis.com 200
[debug] [2025-07-31T05:33:34.530Z] <<< [apiv2][body] GET https://serviceusage.googleapis.com/v1/projects/daihoiconggiaojp-prod/services/developerconnect.googleapis.com [omitted]
[debug] [2025-07-31T05:33:35.366Z] <<< [apiv2][status] GET https://serviceusage.googleapis.com/v1/projects/daihoiconggiaojp-prod/services/iam.googleapis.com 200
[debug] [2025-07-31T05:33:35.366Z] <<< [apiv2][body] GET https://serviceusage.googleapis.com/v1/projects/daihoiconggiaojp-prod/services/iam.googleapis.com [omitted]
[debug] [2025-07-31T05:33:35.366Z] <<< [apiv2][status] GET https://serviceusage.googleapis.com/v1/projects/daihoiconggiaojp-prod/services/secretmanager.googleapis.com 200
[debug] [2025-07-31T05:33:35.366Z] <<< [apiv2][body] GET https://serviceusage.googleapis.com/v1/projects/daihoiconggiaojp-prod/services/secretmanager.googleapis.com [omitted]
[debug] [2025-07-31T05:33:35.366Z] <<< [apiv2][status] GET https://serviceusage.googleapis.com/v1/projects/daihoiconggiaojp-prod/services/cloudbuild.googleapis.com 200
[debug] [2025-07-31T05:33:35.366Z] <<< [apiv2][body] GET https://serviceusage.googleapis.com/v1/projects/daihoiconggiaojp-prod/services/cloudbuild.googleapis.com [omitted]
[debug] [2025-07-31T05:33:35.367Z] <<< [apiv2][status] GET https://serviceusage.googleapis.com/v1/projects/daihoiconggiaojp-prod/services/run.googleapis.com 200
[debug] [2025-07-31T05:33:35.367Z] <<< [apiv2][body] GET https://serviceusage.googleapis.com/v1/projects/daihoiconggiaojp-prod/services/run.googleapis.com [omitted]
[debug] [2025-07-31T05:33:35.368Z] <<< [apiv2][status] GET https://serviceusage.googleapis.com/v1/projects/daihoiconggiaojp-prod/services/artifactregistry.googleapis.com 200
[debug] [2025-07-31T05:33:35.368Z] <<< [apiv2][body] GET https://serviceusage.googleapis.com/v1/projects/daihoiconggiaojp-prod/services/artifactregistry.googleapis.com [omitted]
[debug] [2025-07-31T05:33:35.368Z] Checked if tokens are valid: true, expires at: 1753943065326
[debug] [2025-07-31T05:33:35.368Z] Checked if tokens are valid: true, expires at: 1753943065326
[debug] [2025-07-31T05:33:35.368Z] >>> [apiv2][query] POST https://iam.googleapis.com/v1/projects/daihoiconggiaojp-prod/serviceAccounts/firebase-app-hosting-compute@daihoiconggiaojp-prod.iam.gserviceaccount.com:testIamPermissions [none]
[debug] [2025-07-31T05:33:35.368Z] >>> [apiv2][(partial)header] POST https://iam.googleapis.com/v1/projects/daihoiconggiaojp-prod/serviceAccounts/firebase-app-hosting-compute@daihoiconggiaojp-prod.iam.gserviceaccount.com:testIamPermissions x-goog-quota-user=projects/daihoiconggiaojp-prod
[debug] [2025-07-31T05:33:35.369Z] >>> [apiv2][body] POST https://iam.googleapis.com/v1/projects/daihoiconggiaojp-prod/serviceAccounts/firebase-app-hosting-compute@daihoiconggiaojp-prod.iam.gserviceaccount.com:testIamPermissions {"permissions":["iam.serviceAccounts.actAs"]}
[debug] [2025-07-31T05:33:36.570Z] <<< [apiv2][status] POST https://iam.googleapis.com/v1/projects/daihoiconggiaojp-prod/serviceAccounts/firebase-app-hosting-compute@daihoiconggiaojp-prod.iam.gserviceaccount.com:testIamPermissions 200
[debug] [2025-07-31T05:33:36.570Z] <<< [apiv2][body] POST https://iam.googleapis.com/v1/projects/daihoiconggiaojp-prod/serviceAccounts/firebase-app-hosting-compute@daihoiconggiaojp-prod.iam.gserviceaccount.com:testIamPermissions {"permissions":["iam.serviceAccounts.actAs"]}
[debug] [2025-07-31T05:33:36.570Z] Checked if tokens are valid: true, expires at: 1753943065326
[debug] [2025-07-31T05:33:36.570Z] Checked if tokens are valid: true, expires at: 1753943065326
[debug] [2025-07-31T05:33:36.571Z] >>> [apiv2][query] GET https://firebaseapphosting.googleapis.com/v1beta/projects/daihoiconggiaojp-prod/locations 
[debug] [2025-07-31T05:33:37.781Z] <<< [apiv2][status] GET https://firebaseapphosting.googleapis.com/v1beta/projects/daihoiconggiaojp-prod/locations 200
[debug] [2025-07-31T05:33:37.781Z] <<< [apiv2][body] GET https://firebaseapphosting.googleapis.com/v1beta/projects/daihoiconggiaojp-prod/locations {"locations":[{"name":"projects/daihoiconggiaojp-prod/locations/asia-east1","locationId":"asia-east1","displayName":"Taiwan"},{"name":"projects/daihoiconggiaojp-prod/locations/europe-west4","locationId":"europe-west4","displayName":"Netherlands"},{"name":"projects/daihoiconggiaojp-prod/locations/us-central1","locationId":"us-central1","displayName":"Iowa"}]}
[info] ✔  Location set to us-central1.
 
[info] i  === Import a GitHub repository 
[debug] [2025-07-31T05:35:35.756Z] Checked if tokens are valid: true, expires at: 1753943065326
[debug] [2025-07-31T05:35:35.756Z] Checked if tokens are valid: true, expires at: 1753943065326
[debug] [2025-07-31T05:35:35.757Z] >>> [apiv2][query] GET https://developerconnect.googleapis.com/v1/projects/daihoiconggiaojp-prod/locations/us-central1/connections pageSize=1000&pageToken=
[debug] [2025-07-31T05:35:37.145Z] <<< [apiv2][status] GET https://developerconnect.googleapis.com/v1/projects/daihoiconggiaojp-prod/locations/us-central1/connections 200
[debug] [2025-07-31T05:35:37.145Z] <<< [apiv2][body] GET https://developerconnect.googleapis.com/v1/projects/daihoiconggiaojp-prod/locations/us-central1/connections {"connections":[{"name":"projects/daihoiconggiaojp-prod/locations/us-central1/connections/apphosting-github-conn-o0aj4sr","createTime":"2025-07-28T03:25:53.190530166Z","updateTime":"2025-07-28T03:55:37.009504068Z","githubConfig":{"githubApp":"FIREBASE","authorizerCredential":{"oauthTokenSecretVersion":"projects/daihoiconggiaojp-prod/secrets/apphosting-github-conn-o0aj4sr-github-oauthtoken-0607cc/versions/latest","username":"thubv"},"appInstallationId":"76481560","installationUri":"https://github.com/settings/installations/76481560"},"installationState":{"stage":"COMPLETE"},"uid":"440eb863-d9ae-4932-9ef3-0b8609fb4277"}]}
[debug] [2025-07-31T05:35:37.146Z] Checked if tokens are valid: true, expires at: 1753943065326
[debug] [2025-07-31T05:35:37.146Z] Checked if tokens are valid: true, expires at: 1753943065326
[debug] [2025-07-31T05:35:37.146Z] >>> [apiv2][query] GET https://developerconnect.googleapis.com/v1/projects/daihoiconggiaojp-prod/locations/us-central1/connections/apphosting-github-conn-o0aj4sr:fetchGitHubInstallations [none]
[debug] [2025-07-31T05:35:37.757Z] <<< [apiv2][status] GET https://developerconnect.googleapis.com/v1/projects/daihoiconggiaojp-prod/locations/us-central1/connections/apphosting-github-conn-o0aj4sr:fetchGitHubInstallations 200
[debug] [2025-07-31T05:35:37.757Z] <<< [apiv2][body] GET https://developerconnect.googleapis.com/v1/projects/daihoiconggiaojp-prod/locations/us-central1/connections/apphosting-github-conn-o0aj4sr:fetchGitHubInstallations {"installations":[{"id":"76481560","name":"thubv","type":"user"}]}
[info] i  Install the Firebase App Hosting GitHub app on a new account to enable access to those repositories 
[info] i  https://github.com/apps/firebase-app-hosting/installations/new 
[debug] [2025-07-31T05:37:04.880Z] Checked if tokens are valid: true, expires at: 1753943065326
[debug] [2025-07-31T05:37:04.880Z] Checked if tokens are valid: true, expires at: 1753943065326
[debug] [2025-07-31T05:37:04.880Z] >>> [apiv2][query] GET https://developerconnect.googleapis.com/v1/projects/daihoiconggiaojp-prod/locations/us-central1/connections/apphosting-github-conn-o0aj4sr:fetchGitHubInstallations [none]
[debug] [2025-07-31T05:37:08.906Z] <<< [apiv2][status] GET https://developerconnect.googleapis.com/v1/projects/daihoiconggiaojp-prod/locations/us-central1/connections/apphosting-github-conn-o0aj4sr:fetchGitHubInstallations 200
[debug] [2025-07-31T05:37:08.906Z] <<< [apiv2][body] GET https://developerconnect.googleapis.com/v1/projects/daihoiconggiaojp-prod/locations/us-central1/connections/apphosting-github-conn-o0aj4sr:fetchGitHubInstallations {"installations":[{"id":"76481560","name":"thubv","type":"user"}]}
[info] i  Install the Firebase App Hosting GitHub app on a new account to enable access to those repositories 
[info] i  https://github.com/apps/firebase-app-hosting/installations/new 
[debug] [2025-07-31T05:38:31.349Z] ExitPromptError: User force closed the prompt with SIGINT
    at Interface.sigint (/usr/local/lib/node_modules/firebase-tools/node_modules/@inquirer/core/dist/commonjs/lib/create-prompt.js:101:37)
    at Interface.emit (node:events:518:28)
    at Interface.emit (node:domain:489:12)
    at [_ttyWrite] [as _ttyWrite] (node:internal/readline/interface:1124:18)
    at ReadStream.onkeypress (node:internal/readline/interface:263:20)
    at ReadStream.emit (node:events:530:35)
    at ReadStream.emit (node:domain:489:12)
    at emitKeys (node:internal/readline/utils:370:14)
    at emitKeys.next (<anonymous>)
    at ReadStream.onData (node:internal/readline/emitKeypressEvents:64:36)
[error] 
[error] Error: An unexpected error has occurred.
